[WARN ]  22:40:37.947 [main] 133ogger - It is strongly recommended to add "<!DOCTYPE suite SYSTEM "https://testng.org/testng-1.0.dtd" >" at the top of the suite file [C:\Users\Lenovo\Downloads\Desktop\selenium training opencart application\selenium-training\abhijeet\mastersuite.xml] otherwise TestNG may fail or not work as expected.
[INFO ]  22:40:38.478 [main] 112ogger - [TestNG] Running:
  C:\Users\Lenovo\Downloads\Desktop\selenium training opencart application\selenium-training\abhijeet\mastersuite.xml

[INFO ]  22:40:39.948 [main] 1238ogger - Using geckodriver 0.32.0 (resolved driver for Firefox 108)
[INFO ]  22:40:40.027 [main] 1291ogger - Exporting webdriver.gecko.driver as C:\Users\Lenovo\.cache\selenium\geckodriver\win64\0.32.0\geckodriver.exe
[WARN ]  22:41:40.965 [main] 133ogger - It is strongly recommended to add "<!DOCTYPE suite SYSTEM "https://testng.org/testng-1.0.dtd" >" at the top of the suite file [C:\Users\Lenovo\Downloads\Desktop\selenium training opencart application\selenium-training\abhijeet\mastersuite.xml] otherwise TestNG may fail or not work as expected.
[INFO ]  22:41:41.453 [main] 112ogger - [TestNG] Running:
  C:\Users\Lenovo\Downloads\Desktop\selenium training opencart application\selenium-training\abhijeet\mastersuite.xml

[INFO ]  22:41:42.699 [main] 1238ogger - Using geckodriver 0.32.0 (resolved driver for Firefox 108)
[INFO ]  22:41:42.750 [main] 1291ogger - Exporting webdriver.gecko.driver as C:\Users\Lenovo\.cache\selenium\geckodriver\win64\0.32.0\geckodriver.exe
[INFO ]  22:42:10.005 [main] 53ogger - Launcged Firefox Browser
[INFO ]  22:42:10.051 [main] 17ogger - Starting TC_001_AccountRegistration
[INFO ]  22:42:15.313 [main] 19ogger - Home Page dislayed
[INFO ]  22:42:17.472 [main] 24ogger - Clicked on My Account
[INFO ]  22:42:20.602 [main] 26ogger - Clicked on Register
[INFO ]  22:42:21.723 [main] 40ogger - clicking on continue
[INFO ]  22:42:21.768 [main] 46ogger - verifying customer registration
[ERROR]  22:42:33.011 [main] 59ogger - Account Registration Failed
[WARN ]  15:47:54.701 [main] 133ogger - It is strongly recommended to add "<!DOCTYPE suite SYSTEM "https://testng.org/testng-1.0.dtd" >" at the top of the suite file [C:\Users\Lenovo\Downloads\Desktop\selenium training opencart application\selenium-training\abhijeet\mastersuite.xml] otherwise TestNG may fail or not work as expected.
[INFO ]  15:47:57.689 [main] 112ogger - [TestNG] Running:
  C:\Users\Lenovo\Downloads\Desktop\selenium training opencart application\selenium-training\abhijeet\mastersuite.xml

[INFO ]  15:48:09.556 [main] 1238ogger - Using geckodriver 0.32.0 (resolved driver for Firefox 108)
[INFO ]  15:48:09.833 [main] 1291ogger - Exporting webdriver.gecko.driver as C:\Users\Lenovo\.cache\selenium\geckodriver\win64\0.32.0\geckodriver.exe
[INFO ]  15:48:44.554 [main] 53ogger - Launcged Firefox Browser
[INFO ]  15:48:44.673 [main] 17ogger - Starting TC_001_AccountRegistration
[INFO ]  15:48:47.737 [main] 19ogger - Home Page dislayed
[INFO ]  15:48:49.726 [main] 24ogger - Clicked on My Account
[INFO ]  15:48:52.059 [main] 26ogger - Clicked on Register
[INFO ]  15:48:53.492 [main] 40ogger - clicking on continue
[INFO ]  15:48:53.524 [main] 46ogger - verifying customer registration
[ERROR]  15:49:04.145 [main] 59ogger - Account Registration Failed
[INFO ]  15:49:08.540 [main] 1238ogger - Using geckodriver 0.32.0 (resolved driver for Firefox 108)
[INFO ]  15:49:08.568 [main] 1291ogger - Exporting webdriver.gecko.driver as C:\Users\Lenovo\.cache\selenium\geckodriver\win64\0.32.0\geckodriver.exe
[INFO ]  15:49:17.201 [main] 53ogger - Launcged Firefox Browser
[INFO ]  15:49:17.216 [main] 17ogger - ***** String TC_002_LoginTest ****
[INFO ]  15:49:20.859 [main] 22ogger - Home Page Displayed
[INFO ]  15:49:21.208 [main] 28ogger - Clicked on My Account
[FATAL]  15:49:31.334 [main] 60ogger - Login Failed
[WARN ]  15:50:31.362 [main] 133ogger - It is strongly recommended to add "<!DOCTYPE suite SYSTEM "https://testng.org/testng-1.0.dtd" >" at the top of the suite file [C:\Users\Lenovo\Downloads\Desktop\selenium training opencart application\selenium-training\abhijeet\mastersuite.xml] otherwise TestNG may fail or not work as expected.
[INFO ]  15:50:31.899 [main] 112ogger - [TestNG] Running:
  C:\Users\Lenovo\Downloads\Desktop\selenium training opencart application\selenium-training\abhijeet\mastersuite.xml

[INFO ]  15:50:34.528 [main] 1238ogger - Using chromedriver 108.0.5359.71 (resolved driver for Chrome 108)
[INFO ]  15:50:34.576 [main] 1291ogger - Exporting webdriver.chrome.driver as C:\Users\Lenovo\.cache\selenium\chromedriver\win32\108.0.5359.71\chromedriver.exe
[INFO ]  15:50:52.742 [main] 41ogger - Launcged Chrome Browser
[INFO ]  15:50:52.784 [main] 17ogger - ***** String TC_002_LoginTest ****
[INFO ]  15:50:54.674 [main] 22ogger - Home Page Displayed
[INFO ]  15:50:55.281 [main] 28ogger - Clicked on My Account
[FATAL]  15:51:05.378 [main] 60ogger - Login Failed
[WARN ]  15:54:15.621 [main] 133ogger - It is strongly recommended to add "<!DOCTYPE suite SYSTEM "https://testng.org/testng-1.0.dtd" >" at the top of the suite file [C:\Users\Lenovo\Downloads\Desktop\selenium training opencart application\selenium-training\abhijeet\mastersuite.xml] otherwise TestNG may fail or not work as expected.
[INFO ]  15:54:16.178 [main] 112ogger - [TestNG] Running:
  C:\Users\Lenovo\Downloads\Desktop\selenium training opencart application\selenium-training\abhijeet\mastersuite.xml

[INFO ]  15:54:17.632 [main] 1238ogger - Using chromedriver 108.0.5359.71 (resolved driver for Chrome 108)
[INFO ]  15:54:17.704 [main] 1291ogger - Exporting webdriver.chrome.driver as C:\Users\Lenovo\.cache\selenium\chromedriver\win32\108.0.5359.71\chromedriver.exe
[INFO ]  15:54:21.646 [main] 41ogger - Launcged Chrome Browser
[INFO ]  15:54:21.700 [main] 17ogger - ***** String TC_002_LoginTest ****
[INFO ]  15:54:26.664 [main] 22ogger - Home Page Displayed
[INFO ]  15:54:27.384 [main] 28ogger - Clicked on My Account
[INFO ]  15:54:28.096 [main] 30ogger - Clicked on Login
[INFO ]  15:54:28.584 [main] 35ogger - Provided Email
[INFO ]  15:54:28.755 [main] 39ogger - Provied Password
[FATAL]  15:54:38.781 [main] 60ogger - Login Failed
[WARN ]  15:54:39.032 [AsyncHttpClient-1-4] 142ogger - onError
java.net.SocketException: Connection reset
	at sun.nio.ch.SocketChannelImpl.throwConnectionReset(SocketChannelImpl.java:394) ~[?:?]
	at sun.nio.ch.SocketChannelImpl.read(SocketChannelImpl.java:426) ~[?:?]
	at io.netty.buffer.PooledByteBuf.setBytes(PooledByteBuf.java:259) ~[netty-buffer-4.1.84.Final.jar:4.1.84.Final]
	at io.netty.buffer.AbstractByteBuf.writeBytes(AbstractByteBuf.java:1132) ~[netty-buffer-4.1.84.Final.jar:4.1.84.Final]
	at io.netty.channel.socket.nio.NioSocketChannel.doReadBytes(NioSocketChannel.java:357) ~[netty-transport-4.1.84.Final.jar:4.1.84.Final]
	at io.netty.channel.nio.AbstractNioByteChannel$NioByteUnsafe.read(AbstractNioByteChannel.java:151) ~[netty-transport-4.1.84.Final.jar:4.1.84.Final]
	at io.netty.channel.nio.NioEventLoop.processSelectedKey(NioEventLoop.java:788) ~[netty-transport-4.1.84.Final.jar:4.1.84.Final]
	at io.netty.channel.nio.NioEventLoop.processSelectedKeysOptimized(NioEventLoop.java:724) ~[netty-transport-4.1.84.Final.jar:4.1.84.Final]
	at io.netty.channel.nio.NioEventLoop.processSelectedKeys(NioEventLoop.java:650) ~[netty-transport-4.1.84.Final.jar:4.1.84.Final]
	at io.netty.channel.nio.NioEventLoop.run(NioEventLoop.java:562) ~[netty-transport-4.1.84.Final.jar:4.1.84.Final]
	at io.netty.util.concurrent.SingleThreadEventExecutor$4.run(SingleThreadEventExecutor.java:997) ~[netty-common-4.1.84.Final.jar:4.1.84.Final]
	at io.netty.util.internal.ThreadExecutorMap$2.run(ThreadExecutorMap.java:74) ~[netty-common-4.1.84.Final.jar:4.1.84.Final]
	at io.netty.util.concurrent.FastThreadLocalRunnable.run(FastThreadLocalRunnable.java:30) ~[netty-common-4.1.84.Final.jar:4.1.84.Final]
	at java.lang.Thread.run(Thread.java:833) ~[?:?]
[WARN ]  15:55:46.580 [main] 133ogger - It is strongly recommended to add "<!DOCTYPE suite SYSTEM "https://testng.org/testng-1.0.dtd" >" at the top of the suite file [C:\Users\Lenovo\Downloads\Desktop\selenium training opencart application\selenium-training\abhijeet\mastersuite.xml] otherwise TestNG may fail or not work as expected.
[INFO ]  15:55:47.149 [main] 112ogger - [TestNG] Running:
  C:\Users\Lenovo\Downloads\Desktop\selenium training opencart application\selenium-training\abhijeet\mastersuite.xml

[INFO ]  15:55:48.560 [main] 1238ogger - Using chromedriver 108.0.5359.71 (resolved driver for Chrome 108)
[INFO ]  15:55:48.612 [main] 1291ogger - Exporting webdriver.chrome.driver as C:\Users\Lenovo\.cache\selenium\chromedriver\win32\108.0.5359.71\chromedriver.exe
[INFO ]  15:55:53.844 [main] 41ogger - Launcged Chrome Browser
[INFO ]  15:55:53.893 [main] 17ogger - ***** String TC_002_LoginTest ****
[INFO ]  15:55:59.483 [main] 22ogger - Home Page Displayed
[INFO ]  15:56:00.003 [main] 28ogger - Clicked on My Account
[INFO ]  15:56:00.739 [main] 30ogger - Clicked on Login
[INFO ]  15:56:01.140 [main] 35ogger - Provided Email
[INFO ]  15:56:01.312 [main] 39ogger - Provied Password
[INFO ]  15:56:04.065 [main] 41ogger - Clicked on Login
[ERROR]  15:56:14.097 [main] 53ogger - Login failed
[WARN ]  15:56:15.808 [AsyncHttpClient-1-4] 142ogger - onError
java.net.SocketException: Connection reset
	at sun.nio.ch.SocketChannelImpl.throwConnectionReset(SocketChannelImpl.java:394) ~[?:?]
	at sun.nio.ch.SocketChannelImpl.read(SocketChannelImpl.java:426) ~[?:?]
	at io.netty.buffer.PooledByteBuf.setBytes(PooledByteBuf.java:259) ~[netty-buffer-4.1.84.Final.jar:4.1.84.Final]
	at io.netty.buffer.AbstractByteBuf.writeBytes(AbstractByteBuf.java:1132) ~[netty-buffer-4.1.84.Final.jar:4.1.84.Final]
	at io.netty.channel.socket.nio.NioSocketChannel.doReadBytes(NioSocketChannel.java:357) ~[netty-transport-4.1.84.Final.jar:4.1.84.Final]
	at io.netty.channel.nio.AbstractNioByteChannel$NioByteUnsafe.read(AbstractNioByteChannel.java:151) ~[netty-transport-4.1.84.Final.jar:4.1.84.Final]
	at io.netty.channel.nio.NioEventLoop.processSelectedKey(NioEventLoop.java:788) ~[netty-transport-4.1.84.Final.jar:4.1.84.Final]
	at io.netty.channel.nio.NioEventLoop.processSelectedKeysOptimized(NioEventLoop.java:724) ~[netty-transport-4.1.84.Final.jar:4.1.84.Final]
	at io.netty.channel.nio.NioEventLoop.processSelectedKeys(NioEventLoop.java:650) ~[netty-transport-4.1.84.Final.jar:4.1.84.Final]
	at io.netty.channel.nio.NioEventLoop.run(NioEventLoop.java:562) ~[netty-transport-4.1.84.Final.jar:4.1.84.Final]
	at io.netty.util.concurrent.SingleThreadEventExecutor$4.run(SingleThreadEventExecutor.java:997) ~[netty-common-4.1.84.Final.jar:4.1.84.Final]
	at io.netty.util.internal.ThreadExecutorMap$2.run(ThreadExecutorMap.java:74) ~[netty-common-4.1.84.Final.jar:4.1.84.Final]
	at io.netty.util.concurrent.FastThreadLocalRunnable.run(FastThreadLocalRunnable.java:30) ~[netty-common-4.1.84.Final.jar:4.1.84.Final]
	at java.lang.Thread.run(Thread.java:833) ~[?:?]
